<?xml version="1.0" encoding="UTF-8"?>
<!-- Generated by org.testng.reporters.JUnitReportReporter -->
<testsuite hostname="DESKTOP-CJA0QNI" failures="0" tests="2" name="com.cgi.test.LoginTest" time="15.935" errors="0" timestamp="2024-06-13T12:48:01 BST" skipped="0">
  <testcase classname="com.cgi.test.LoginTest" name="validLoginTest" time="8.221"/>
  <testcase classname="com.cgi.test.LoginTest" name="validLoginTest" time="7.714"/>
</testsuite> <!-- com.cgi.test.LoginTest -->
