<?xml version="1.0" encoding="UTF-8"?>
<!-- Generated by org.testng.reporters.JUnitReportReporter -->
<testsuite hostname="DESKTOP-CJA0QNI" failures="0" tests="1" name="com.cgi.test.EmployeeTest" time="6.523" errors="0" timestamp="2024-06-13T12:38:43 BST" skipped="0">
  <testcase classname="com.cgi.test.EmployeeTest" name="addValidEmployeeTest" time="6.523"/>
</testsuite> <!-- com.cgi.test.EmployeeTest -->
