<?xml version="1.0" encoding="UTF-8"?>
<!-- Generated by org.testng.reporters.JUnitReportReporter -->
<testsuite hostname="DESKTOP-CJA0QNI" failures="0" tests="1" name="com.cgi.test.LoginUITest" time="9.518" errors="0" timestamp="2024-06-14T09:54:00 BST" skipped="0">
  <testcase classname="com.cgi.test.LoginUITest" name="placeholderTest" time="9.518"/>
</testsuite> <!-- com.cgi.test.LoginUITest -->
