<?xml version="1.0" encoding="UTF-8"?>
<!-- Generated by org.testng.reporters.JUnitReportReporter -->
<testsuite hostname="DESKTOP-CJA0QNI" failures="0" tests="2" name="com.cgi.runner.RunnerTest" time="0.117" errors="0" timestamp="2024-06-14T13:08:33 BST" skipped="0">
  <testcase classname="com.cgi.runner.RunnerTest" name="runScenario" time="0.014"/>
  <testcase classname="com.cgi.runner.RunnerTest" name="runScenario" time="0.103"/>
</testsuite> <!-- com.cgi.runner.RunnerTest -->
