<?xml version="1.0" encoding="UTF-8"?>
<!-- Generated by org.testng.reporters.JUnitReportReporter -->
<testsuite hostname="DESKTOP-CJA0QNI" failures="0" tests="3" name="com.cgi.test.ZDemo1Test" time="8.535" errors="0" timestamp="2024-06-12T12:45:49 BST" skipped="0">
  <testcase classname="com.cgi.test.ZDemo1Test" name="loginTest" time="1.300"/>
  <testcase classname="com.cgi.test.ZDemo1Test" name="loginTest" time="4.499"/>
  <testcase classname="com.cgi.test.ZDemo1Test" name="loginTest" time="2.736"/>
</testsuite> <!-- com.cgi.test.ZDemo1Test -->
